[09-Jan-2021 16:16:10 UTC] PHP Notice:  Trying to get property 'hierarchical' of non-object in /home/sl3856ae/public_html/wp-includes/link-template.php on line 284
[09-Jan-2021 16:16:10 UTC] PHP Notice:  Trying to get property 'query_var' of non-object in /home/sl3856ae/public_html/wp-includes/link-template.php on line 294
[09-Jan-2021 16:16:10 UTC] PHP Notice:  Trying to get property 'hierarchical' of non-object in /home/sl3856ae/public_html/wp-includes/link-template.php on line 284
[09-Jan-2021 16:16:10 UTC] PHP Notice:  Trying to get property 'query_var' of non-object in /home/sl3856ae/public_html/wp-includes/link-template.php on line 294
[10-Jan-2021 10:51:50 UTC] PHP Notice:  Trying to get property 'hierarchical' of non-object in /home/sl3856ae/public_html/wp-includes/link-template.php on line 284
[10-Jan-2021 10:51:50 UTC] PHP Notice:  Trying to get property 'query_var' of non-object in /home/sl3856ae/public_html/wp-includes/link-template.php on line 294
[10-Jan-2021 10:51:50 UTC] PHP Notice:  Trying to get property 'hierarchical' of non-object in /home/sl3856ae/public_html/wp-includes/link-template.php on line 284
[10-Jan-2021 10:51:50 UTC] PHP Notice:  Trying to get property 'query_var' of non-object in /home/sl3856ae/public_html/wp-includes/link-template.php on line 294
[12-Jan-2021 20:11:35 UTC] PHP Notice:  Undefined index: nonce in /home/sl3856ae/public_html/wp-content/themes/inspiro/functions/widgets/portfolio-showcase.php on line 730
[12-Jan-2021 20:11:36 UTC] PHP Notice:  Undefined index: nonce in /home/sl3856ae/public_html/wp-content/themes/inspiro/functions/widgets/portfolio-showcase.php on line 730
[12-Jan-2021 20:11:36 UTC] PHP Notice:  Undefined index: nonce in /home/sl3856ae/public_html/wp-content/themes/inspiro/functions/widgets/portfolio-showcase.php on line 730
[12-Jan-2021 20:11:37 UTC] PHP Notice:  Undefined index: nonce in /home/sl3856ae/public_html/wp-content/themes/inspiro/functions/widgets/portfolio-showcase.php on line 730
[12-Jan-2021 20:11:38 UTC] PHP Notice:  Undefined index: nonce in /home/sl3856ae/public_html/wp-content/themes/inspiro/functions/widgets/portfolio-showcase.php on line 730
[12-Jan-2021 20:11:39 UTC] PHP Notice:  Undefined index: nonce in /home/sl3856ae/public_html/wp-content/themes/inspiro/functions/widgets/portfolio-showcase.php on line 730
[12-Jan-2021 20:11:41 UTC] PHP Notice:  Undefined index: nonce in /home/sl3856ae/public_html/wp-content/themes/inspiro/functions/widgets/portfolio-showcase.php on line 730
[13-Jan-2021 20:21:33 UTC] PHP Notice:  Trying to get property 'hierarchical' of non-object in /home/sl3856ae/public_html/wp-includes/link-template.php on line 284
[13-Jan-2021 20:21:33 UTC] PHP Notice:  Trying to get property 'query_var' of non-object in /home/sl3856ae/public_html/wp-includes/link-template.php on line 294
[13-Jan-2021 20:21:33 UTC] PHP Notice:  Trying to get property 'hierarchical' of non-object in /home/sl3856ae/public_html/wp-includes/link-template.php on line 284
[13-Jan-2021 20:21:33 UTC] PHP Notice:  Trying to get property 'query_var' of non-object in /home/sl3856ae/public_html/wp-includes/link-template.php on line 294
[17-Jan-2021 22:41:07 UTC] PHP Notice:  Undefined index: nonce in /home/sl3856ae/public_html/wp-content/themes/inspiro/functions/widgets/portfolio-showcase.php on line 730
[17-Jan-2021 22:41:09 UTC] PHP Notice:  Undefined index: nonce in /home/sl3856ae/public_html/wp-content/themes/inspiro/functions/widgets/portfolio-showcase.php on line 730
[17-Jan-2021 22:41:11 UTC] PHP Notice:  Undefined index: nonce in /home/sl3856ae/public_html/wp-content/themes/inspiro/functions/widgets/portfolio-showcase.php on line 730
[17-Jan-2021 22:41:13 UTC] PHP Notice:  Undefined index: nonce in /home/sl3856ae/public_html/wp-content/themes/inspiro/functions/widgets/portfolio-showcase.php on line 730
[17-Jan-2021 23:11:30 UTC] PHP Notice:  Undefined index: nonce in /home/sl3856ae/public_html/wp-content/themes/inspiro/functions/widgets/portfolio-showcase.php on line 730
[18-Jan-2021 17:28:24 UTC] PHP Notice:  Trying to get property 'hierarchical' of non-object in /home/sl3856ae/public_html/wp-includes/link-template.php on line 284
[18-Jan-2021 17:28:24 UTC] PHP Notice:  Trying to get property 'query_var' of non-object in /home/sl3856ae/public_html/wp-includes/link-template.php on line 294
[18-Jan-2021 17:28:24 UTC] PHP Notice:  Trying to get property 'hierarchical' of non-object in /home/sl3856ae/public_html/wp-includes/link-template.php on line 284
[18-Jan-2021 17:28:24 UTC] PHP Notice:  Trying to get property 'query_var' of non-object in /home/sl3856ae/public_html/wp-includes/link-template.php on line 294
[30-Jan-2021 18:27:26 UTC] PHP Notice:  Undefined index: nonce in /home/sl3856ae/public_html/wp-content/themes/inspiro/functions/widgets/portfolio-showcase.php on line 730
[16-Feb-2021 11:10:09 UTC] PHP Notice:  Undefined index: nonce in /home/sl3856ae/public_html/wp-content/themes/inspiro/functions/widgets/portfolio-showcase.php on line 730
[18-Jul-2021 22:56:15 UTC] PHP Warning:  Creating default object from empty value in /var/www/html/wp-content/themes/inspiro/functions/wpzoom/components/theme-updater/theme-updater-class.php on line 96
[06-Oct-2021 20:09:22 UTC] PHP Warning:  chmod(): Operation not permitted in /var/www/html/wp-admin/includes/class-wp-filesystem-direct.php on line 173
[19-Nov-2021 16:15:25 UTC] PHP Warning:  chmod(): Operation not permitted in /var/www/html/wp-admin/includes/class-wp-filesystem-direct.php on line 173
[23-Oct-2022 17:54:01 UTC] PHP Warning:  chmod(): Input/output error in /var/www/html/wp-admin/includes/class-wp-filesystem-direct.php on line 173
[23-Oct-2022 19:43:55 UTC] PHP Warning:  file_put_contents(/var/www/html/wp-content/uploads/wp2static-crawled-site/portfolio/abstract/page/1/index.html): failed to open stream: No such file or directory in /var/www/html/wp-content/plugins/wp2static/src/StaticSite.php on line 33
[23-Oct-2022 19:44:03 UTC] PHP Warning:  file_put_contents(/var/www/html/wp-content/uploads/wp2static-crawled-site/portfolio/events/page/1/index.html): failed to open stream: No such file or directory in /var/www/html/wp-content/plugins/wp2static/src/StaticSite.php on line 33
[23-Oct-2022 19:44:11 UTC] PHP Warning:  file_put_contents(/var/www/html/wp-content/uploads/wp2static-crawled-site/portfolio/landscapes/page/1/index.html): failed to open stream: No such file or directory in /var/www/html/wp-content/plugins/wp2static/src/StaticSite.php on line 33
[23-Oct-2022 19:44:17 UTC] PHP Warning:  file_put_contents(/var/www/html/wp-content/uploads/wp2static-crawled-site/portfolio/landscapes/page/2/index.html): failed to open stream: No such file or directory in /var/www/html/wp-content/plugins/wp2static/src/StaticSite.php on line 33
[23-Oct-2022 19:44:26 UTC] PHP Warning:  file_put_contents(/var/www/html/wp-content/uploads/wp2static-crawled-site/portfolio/nature-2/page/1/index.html): failed to open stream: No such file or directory in /var/www/html/wp-content/plugins/wp2static/src/StaticSite.php on line 33
[23-Oct-2022 19:44:32 UTC] PHP Warning:  file_put_contents(/var/www/html/wp-content/uploads/wp2static-crawled-site/portfolio/nature-2/page/2/index.html): failed to open stream: No such file or directory in /var/www/html/wp-content/plugins/wp2static/src/StaticSite.php on line 33
[23-Oct-2022 19:44:41 UTC] PHP Warning:  file_put_contents(/var/www/html/wp-content/uploads/wp2static-crawled-site/portfolio/timelapse/page/1/index.html): failed to open stream: No such file or directory in /var/www/html/wp-content/plugins/wp2static/src/StaticSite.php on line 33
[23-Oct-2022 19:44:49 UTC] PHP Warning:  file_put_contents(/var/www/html/wp-content/uploads/wp2static-crawled-site/portfolio/travel/page/1/index.html): failed to open stream: No such file or directory in /var/www/html/wp-content/plugins/wp2static/src/StaticSite.php on line 33
[23-Oct-2022 19:44:57 UTC] PHP Warning:  file_put_contents(/var/www/html/wp-content/uploads/wp2static-crawled-site/portfolio/video/page/1/index.html): failed to open stream: No such file or directory in /var/www/html/wp-content/plugins/wp2static/src/StaticSite.php on line 33
[11-Apr-2023 17:29:29 UTC] PHP Fatal error:  Uncaught Error: Unknown named parameter $tasks_meta_id in /var/www/html/wp-includes/class-wp-hook.php:307
Stack trace:
#0 /var/www/html/wp-includes/class-wp-hook.php(331): WP_Hook->apply_filters('', Array)
#1 /var/www/html/wp-includes/plugin.php(524): WP_Hook->do_action(Array)
#2 /var/www/html/wp-content/plugins/wpforms-lite/vendor/woocommerce/action-scheduler/classes/actions/ActionScheduler_Action.php(22): do_action_ref_array('wpforms_email_s...', Array)
#3 /var/www/html/wp-content/plugins/wpforms-lite/vendor/woocommerce/action-scheduler/classes/abstracts/ActionScheduler_Abstract_QueueRunner.php(65): ActionScheduler_Action->execute()
#4 /var/www/html/wp-content/plugins/wpforms-lite/vendor/woocommerce/action-scheduler/classes/ActionScheduler_QueueRunner.php(162): ActionScheduler_Abstract_QueueRunner->process_action(6994, 'WP Cron')
#5 /var/www/html/wp-content/plugins/wpforms-lite/vendor/woocommerce/action-scheduler/classes/ActionScheduler_QueueRunner.php(132): ActionScheduler_QueueRunner->do_batch(25, 'WP Cron')
#6 /var/www/html/wp-includes/class-wp-hook.php(307): ActionScheduler_QueueRunner->run('WP Cron')
#7 /var/www/html/wp-includes/class-wp-hook.php(331): WP_Hook->apply_filters('', Array)
#8 /var/www/html/wp-includes/plugin.php(524): WP_Hook->do_action(Array)
#9 /var/www/html/wp-cron.php(138): do_action_ref_array('action_schedule...', Array)
#10 {main}
  thrown in /var/www/html/wp-includes/class-wp-hook.php on line 307
[11-Apr-2023 17:30:39 UTC] PHP Fatal error:  Uncaught Error: Unknown named parameter $tasks_meta_id in /var/www/html/wp-includes/class-wp-hook.php:307
Stack trace:
#0 /var/www/html/wp-includes/class-wp-hook.php(331): WP_Hook->apply_filters('', Array)
#1 /var/www/html/wp-includes/plugin.php(524): WP_Hook->do_action(Array)
#2 /var/www/html/wp-content/plugins/wpforms-lite/vendor/woocommerce/action-scheduler/classes/actions/ActionScheduler_Action.php(22): do_action_ref_array('wpforms_admin_a...', Array)
#3 /var/www/html/wp-content/plugins/wpforms-lite/vendor/woocommerce/action-scheduler/classes/abstracts/ActionScheduler_Abstract_QueueRunner.php(65): ActionScheduler_Action->execute()
#4 /var/www/html/wp-content/plugins/wpforms-lite/vendor/woocommerce/action-scheduler/classes/ActionScheduler_QueueRunner.php(162): ActionScheduler_Abstract_QueueRunner->process_action(6996, 'Async Request')
#5 /var/www/html/wp-content/plugins/wpforms-lite/vendor/woocommerce/action-scheduler/classes/ActionScheduler_QueueRunner.php(132): ActionScheduler_QueueRunner->do_batch(25, 'Async Request')
#6 /var/www/html/wp-includes/class-wp-hook.php(307): ActionScheduler_QueueRunner->run('Async Request')
#7 /var/www/html/wp-includes/class-wp-hook.php(331): WP_Hook->apply_filters('', Array)
#8 /var/www/html/wp-includes/plugin.php(476): WP_Hook->do_action(Array)
#9 /var/www/html/wp-content/plugins/wpforms-lite/vendor/woocommerce/action-scheduler/classes/ActionScheduler_AsyncRequest_QueueRunner.php(52): do_action('action_schedule...', 'Async Request')
#10 /var/www/html/wp-content/plugins/wpforms-lite/vendor/woocommerce/action-scheduler/lib/WP_Async_Request.php(156): ActionScheduler_AsyncRequest_QueueRunner->handle()
#11 /var/www/html/wp-includes/class-wp-hook.php(307): WP_Async_Request->maybe_handle('')
#12 /var/www/html/wp-includes/class-wp-hook.php(331): WP_Hook->apply_filters('', Array)
#13 /var/www/html/wp-includes/plugin.php(476): WP_Hook->do_action(Array)
#14 /var/www/html/wp-admin/admin-ajax.php(202): do_action('wp_ajax_nopriv_...')
#15 {main}
  thrown in /var/www/html/wp-includes/class-wp-hook.php on line 307
[11-Apr-2023 17:32:48 UTC] PHP Fatal error:  Uncaught Error: Unknown named parameter $tasks_meta_id in /var/www/html/wp-includes/class-wp-hook.php:308
Stack trace:
#0 /var/www/html/wp-includes/class-wp-hook.php(332): WP_Hook->apply_filters('', Array)
#1 /var/www/html/wp-includes/plugin.php(565): WP_Hook->do_action(Array)
#2 /var/www/html/wp-content/plugins/wpforms-lite/vendor/woocommerce/action-scheduler/classes/actions/ActionScheduler_Action.php(22): do_action_ref_array('wpforms_process...', Array)
#3 /var/www/html/wp-content/plugins/wpforms-lite/vendor/woocommerce/action-scheduler/classes/abstracts/ActionScheduler_Abstract_QueueRunner.php(65): ActionScheduler_Action->execute()
#4 /var/www/html/wp-content/plugins/wpforms-lite/vendor/woocommerce/action-scheduler/classes/ActionScheduler_QueueRunner.php(162): ActionScheduler_Abstract_QueueRunner->process_action(6998, 'WP Cron')
#5 /var/www/html/wp-content/plugins/wpforms-lite/vendor/woocommerce/action-scheduler/classes/ActionScheduler_QueueRunner.php(132): ActionScheduler_QueueRunner->do_batch(25, 'WP Cron')
#6 /var/www/html/wp-includes/class-wp-hook.php(308): ActionScheduler_QueueRunner->run('WP Cron')
#7 /var/www/html/wp-includes/class-wp-hook.php(332): WP_Hook->apply_filters('', Array)
#8 /var/www/html/wp-includes/plugin.php(565): WP_Hook->do_action(Array)
#9 /var/www/html/wp-cron.php(188): do_action_ref_array('action_schedule...', Array)
#10 {main}
  thrown in /var/www/html/wp-includes/class-wp-hook.php on line 308
[11-Apr-2023 17:33:49 UTC] PHP Fatal error:  Uncaught Error: Unknown named parameter $tasks_meta_id in /var/www/html/wp-includes/class-wp-hook.php:308
Stack trace:
#0 /var/www/html/wp-includes/class-wp-hook.php(332): WP_Hook->apply_filters('', Array)
#1 /var/www/html/wp-includes/plugin.php(565): WP_Hook->do_action(Array)
#2 /var/www/html/wp-content/plugins/wpforms-lite/vendor/woocommerce/action-scheduler/classes/actions/ActionScheduler_Action.php(22): do_action_ref_array('wpforms_builder...', Array)
#3 /var/www/html/wp-content/plugins/wpforms-lite/vendor/woocommerce/action-scheduler/classes/abstracts/ActionScheduler_Abstract_QueueRunner.php(65): ActionScheduler_Action->execute()
#4 /var/www/html/wp-content/plugins/wpforms-lite/vendor/woocommerce/action-scheduler/classes/ActionScheduler_QueueRunner.php(162): ActionScheduler_Abstract_QueueRunner->process_action(6995, 'WP Cron')
#5 /var/www/html/wp-content/plugins/wpforms-lite/vendor/woocommerce/action-scheduler/classes/ActionScheduler_QueueRunner.php(132): ActionScheduler_QueueRunner->do_batch(25, 'WP Cron')
#6 /var/www/html/wp-includes/class-wp-hook.php(308): ActionScheduler_QueueRunner->run('WP Cron')
#7 /var/www/html/wp-includes/class-wp-hook.php(332): WP_Hook->apply_filters('', Array)
#8 /var/www/html/wp-includes/plugin.php(565): WP_Hook->do_action(Array)
#9 /var/www/html/wp-cron.php(188): do_action_ref_array('action_schedule...', Array)
#10 {main}
  thrown in /var/www/html/wp-includes/class-wp-hook.php on line 308
[11-Apr-2023 17:34:38 UTC] PHP Fatal error:  Uncaught Error: Unknown named parameter $tasks_meta_id in /var/www/html/wp-includes/class-wp-hook.php:308
Stack trace:
#0 /var/www/html/wp-includes/class-wp-hook.php(332): WP_Hook->apply_filters('', Array)
#1 /var/www/html/wp-includes/plugin.php(565): WP_Hook->do_action(Array)
#2 /var/www/html/wp-content/plugins/wpforms-lite/vendor/woocommerce/action-scheduler/classes/actions/ActionScheduler_Action.php(22): do_action_ref_array('wpforms_admin_n...', Array)
#3 /var/www/html/wp-content/plugins/wpforms-lite/vendor/woocommerce/action-scheduler/classes/abstracts/ActionScheduler_Abstract_QueueRunner.php(65): ActionScheduler_Action->execute()
#4 /var/www/html/wp-content/plugins/wpforms-lite/vendor/woocommerce/action-scheduler/classes/ActionScheduler_QueueRunner.php(162): ActionScheduler_Abstract_QueueRunner->process_action(7003, 'Async Request')
#5 /var/www/html/wp-content/plugins/wpforms-lite/vendor/woocommerce/action-scheduler/classes/ActionScheduler_QueueRunner.php(132): ActionScheduler_QueueRunner->do_batch(25, 'Async Request')
#6 /var/www/html/wp-includes/class-wp-hook.php(308): ActionScheduler_QueueRunner->run('Async Request')
#7 /var/www/html/wp-includes/class-wp-hook.php(332): WP_Hook->apply_filters('', Array)
#8 /var/www/html/wp-includes/plugin.php(517): WP_Hook->do_action(Array)
#9 /var/www/html/wp-content/plugins/wpforms-lite/vendor/woocommerce/action-scheduler/classes/ActionScheduler_AsyncRequest_QueueRunner.php(52): do_action('action_schedule...', 'Async Request')
#10 /var/www/html/wp-content/plugins/wpforms-lite/vendor/woocommerce/action-scheduler/lib/WP_Async_Request.php(156): ActionScheduler_AsyncRequest_QueueRunner->handle()
#11 /var/www/html/wp-includes/class-wp-hook.php(308): WP_Async_Request->maybe_handle('')
#12 /var/www/html/wp-includes/class-wp-hook.php(332): WP_Hook->apply_filters('', Array)
#13 /var/www/html/wp-includes/plugin.php(517): WP_Hook->do_action(Array)
#14 /var/www/html/wp-admin/admin-ajax.php(188): do_action('wp_ajax_as_asyn...')
#15 {main}
  thrown in /var/www/html/wp-includes/class-wp-hook.php on line 308
[11-Apr-2023 17:35:00 UTC] PHP Fatal error:  Uncaught Error: Unknown named parameter $tasks_meta_id in /var/www/html/wp-includes/class-wp-hook.php:308
Stack trace:
#0 /var/www/html/wp-includes/class-wp-hook.php(332): WP_Hook->apply_filters('', Array)
#1 /var/www/html/wp-includes/plugin.php(565): WP_Hook->do_action(Array)
#2 /var/www/html/wp-content/plugins/wpforms-lite/vendor/woocommerce/action-scheduler/classes/actions/ActionScheduler_Action.php(22): do_action_ref_array('wpforms_admin_n...', Array)
#3 /var/www/html/wp-content/plugins/wpforms-lite/vendor/woocommerce/action-scheduler/classes/abstracts/ActionScheduler_Abstract_QueueRunner.php(65): ActionScheduler_Action->execute()
#4 /var/www/html/wp-content/plugins/wpforms-lite/vendor/woocommerce/action-scheduler/classes/ActionScheduler_QueueRunner.php(162): ActionScheduler_Abstract_QueueRunner->process_action(7005, 'WP Cron')
#5 /var/www/html/wp-content/plugins/wpforms-lite/vendor/woocommerce/action-scheduler/classes/ActionScheduler_QueueRunner.php(132): ActionScheduler_QueueRunner->do_batch(25, 'WP Cron')
#6 /var/www/html/wp-includes/class-wp-hook.php(308): ActionScheduler_QueueRunner->run('WP Cron')
#7 /var/www/html/wp-includes/class-wp-hook.php(332): WP_Hook->apply_filters('', Array)
#8 /var/www/html/wp-includes/plugin.php(565): WP_Hook->do_action(Array)
#9 /var/www/html/wp-cron.php(188): do_action_ref_array('action_schedule...', Array)
#10 {main}
  thrown in /var/www/html/wp-includes/class-wp-hook.php on line 308
[11-Apr-2023 17:36:03 UTC] PHP Fatal error:  Uncaught Error: Unknown named parameter $tasks_meta_id in /var/www/html/wp-includes/class-wp-hook.php:308
Stack trace:
#0 /var/www/html/wp-includes/class-wp-hook.php(332): WP_Hook->apply_filters('', Array)
#1 /var/www/html/wp-includes/plugin.php(565): WP_Hook->do_action(Array)
#2 /var/www/html/wp-content/plugins/wpforms-lite/vendor/woocommerce/action-scheduler/classes/actions/ActionScheduler_Action.php(22): do_action_ref_array('wpforms_admin_n...', Array)
#3 /var/www/html/wp-content/plugins/wpforms-lite/vendor/woocommerce/action-scheduler/classes/abstracts/ActionScheduler_Abstract_QueueRunner.php(65): ActionScheduler_Action->execute()
#4 /var/www/html/wp-content/plugins/wpforms-lite/vendor/woocommerce/action-scheduler/classes/ActionScheduler_QueueRunner.php(162): ActionScheduler_Abstract_QueueRunner->process_action(7006, 'WP Cron')
#5 /var/www/html/wp-content/plugins/wpforms-lite/vendor/woocommerce/action-scheduler/classes/ActionScheduler_QueueRunner.php(132): ActionScheduler_QueueRunner->do_batch(25, 'WP Cron')
#6 /var/www/html/wp-includes/class-wp-hook.php(308): ActionScheduler_QueueRunner->run('WP Cron')
#7 /var/www/html/wp-includes/class-wp-hook.php(332): WP_Hook->apply_filters('', Array)
#8 /var/www/html/wp-includes/plugin.php(565): WP_Hook->do_action(Array)
#9 /var/www/html/wp-cron.php(188): do_action_ref_array('action_schedule...', Array)
#10 {main}
  thrown in /var/www/html/wp-includes/class-wp-hook.php on line 308
